<?xml version="1.0" encoding="UTF-8"?>
<testsuites name="Mocha Tests" time="9.974" tests="5" failures="0">
  <testsuite name="Root Suite" timestamp="2025-06-12T15:19:20" tests="0" file="cypress\e2e\login.cy.js" time="0.000" failures="0">
  </testsuite>
  <testsuite name="Login Page" timestamp="2025-06-12T15:19:20" tests="5" time="9.973" failures="0">
    <testcase name="Login Page Login com usuário: standard_user" time="0.849" classname="Login com usuário: standard_user">
    </testcase>
    <testcase name="Login Page Login com usuário: invalid_user" time="0.838" classname="Login com usuário: invalid_user">
    </testcase>
    <testcase name="Login Page Login com usuário: locked_out_user" time="0.689" classname="Login com usuário: locked_out_user">
    </testcase>
    <testcase name="Login Page Login com usuário: problem_user" time="0.656" classname="Login com usuário: problem_user">
    </testcase>
    <testcase name="Login Page Login com usuário: performance_glitch_user" time="5.797" classname="Login com usuário: performance_glitch_user">
    </testcase>
  </testsuite>
</testsuites>