<?xml version="1.0" encoding="UTF-8"?>
<testsuites name="Mocha Tests" time="3.275" tests="1" failures="0">
  <testsuite name="Root Suite" timestamp="2025-06-12T15:19:16" tests="0" file="cypress\e2e\carrinho.cy.js" time="0.000" failures="0">
  </testsuite>
  <testsuite name="Carrinho" timestamp="2025-06-12T15:19:16" tests="1" time="3.275" failures="0">
    <testcase name="Carrinho Adicionar 1 produto ao carrinho com sucesso" time="1.941" classname="Adicionar 1 produto ao carrinho com sucesso">
    </testcase>
  </testsuite>
</testsuites>